\BOOKMARK [1][-]{section.1}{\376\377\000R\000o\000z\000h\000o\000d\000o\000v\000a\000c\000\355\000\040\000s\000t\000r\000o\000m\000y}{}% 1
\BOOKMARK [2][-]{subsection.1.1}{\376\377\000A\000l\000g\000o\000r\000i\000t\000m\000u\000s\000\040\000I\000D\0003}{section.1}% 2
\BOOKMARK [2][-]{subsection.1.2}{\376\377\000K\000r\000i\000t\000\351\000r\000i\000a\000\040\000p\000r\000o\000\040\000v\001\033\000t\000v\000e\000n\000\355}{section.1}% 3
\BOOKMARK [2][-]{subsection.1.3}{\376\377\000P\000o\000u\001\176\000i\000t\000\355\000\040\000p\000r\000o\000\040\000k\000l\000a\000s\000i\000f\000i\000k\000a\000c\000i\000\040\000a\000\040\000r\000e\000g\000r\000e\000s\000i}{section.1}% 4
\BOOKMARK [2][-]{subsection.1.4}{\376\377\000H\000y\000p\000e\000r\000p\000a\000r\000a\000m\000e\000t\000r\000y}{section.1}% 5
\BOOKMARK [2][-]{subsection.1.5}{\376\377\000S\000h\000r\000n\000u\000t\000\355}{section.1}% 6
\BOOKMARK [1][-]{section.2}{\376\377\000M\000e\000t\000o\000d\000a\000\040\000n\000e\000j\000b\000l\000i\001\176\001\141\000\355\000c\000h\000\040\000s\000o\000u\000s\000e\000d\001\157\000\040\000k\000N\000N}{}% 7
\BOOKMARK [2][-]{subsection.2.1}{\376\377\000H\000y\000p\000e\000r\000p\000a\000r\000a\000m\000e\000t\000r\000y}{section.2}% 8
\BOOKMARK [2][-]{subsection.2.2}{\376\377\000P\000o\000u\001\176\000i\000t\000\355\000\040\000p\000r\000o\000\040\000k\000l\000a\000s\000i\000f\000i\000k\000a\000c\000i\000\040\000a\000\040\000r\000e\000g\000r\000e\000s\000i}{section.2}% 9
\BOOKMARK [2][-]{subsection.2.3}{\376\377\000N\000o\000r\000m\000a\000l\000i\000z\000a\000c\000e\000\040\000d\000a\000t}{section.2}% 10
\BOOKMARK [2][-]{subsection.2.4}{\376\377\000P\000r\000o\000k\000l\000e\000t\000\355\000\040\000d\000i\000m\000e\000n\000z\000i\000o\000n\000a\000l\000i\000t\000y}{section.2}% 11
\BOOKMARK [1][-]{section.3}{\376\377\000L\000i\000n\000e\000\341\000r\000n\000\355\000\040\000r\000e\000g\000r\000e\000s\000e}{}% 12
\BOOKMARK [2][-]{subsection.3.1}{\376\377\000M\000o\000d\000e\000l}{section.3}% 13
\BOOKMARK [2][-]{subsection.3.2}{\376\377\000P\000r\000e\000d\000i\000k\000c\000e}{section.3}% 14
\BOOKMARK [2][-]{subsection.3.3}{\376\377\000M\000e\000t\000o\000d\000a\000\040\000n\000e\000j\000m\000e\000n\001\141\000\355\000c\000h\000\040\001\015\000t\000v\000e\000r\000c\001\157}{section.3}% 15
\BOOKMARK [2][-]{subsection.3.4}{\376\377\000R\000e\000g\000u\000l\000a\000r\000i\000t\000a\000\040\000v\000e\000r\000s\000u\000s\000\040\000l\000i\000n\000e\000\341\000r\000n\000\355\000\040\000n\000e\000z\000\341\000v\000i\000s\000l\000o\000s\000t\000\040\000s\000l\000o\000u\000p\000c\001\157\000\040\000m\000a\000t\000i\000c\000e\000\040\000X}{section.3}% 16
\BOOKMARK [2][-]{subsection.3.5}{\376\377\000P\000r\000o\000b\000l\000\351\000m\000\040\000k\000o\000l\000i\000n\000e\000a\000r\000i\000t\000y}{section.3}% 17
\BOOKMARK [2][-]{subsection.3.6}{\376\377\000S\000h\000r\000n\000u\000t\000\355}{section.3}% 18
\BOOKMARK [1][-]{section.4}{\376\377\000H\001\131\000e\000b\000e\000n\000o\000v\000\341\000\040\000r\000e\000g\000r\000e\000s\000e}{}% 19
\BOOKMARK [2][-]{subsection.4.1}{\376\377\000R\000e\000g\000u\000l\000a\000r\000i\000z\000o\000v\000a\000n\000\375\000\040\000r\000e\000z\000i\000d\000u\000\341\000l\000n\000\355\000\040\000s\000o\000u\001\015\000e\000t\000\040\001\015\000t\000v\000e\000r\000c\001\157}{section.4}% 20
\BOOKMARK [2][-]{subsection.4.2}{\376\377\000M\000i\000n\000i\000m\000a\000l\000i\000z\000a\000c\000e\000\040\000r\000e\000g\000u\000l\000a\000r\000i\000z\000o\000v\000a\000n\000\351\000h\000o\000\040\000R\000S\000S}{section.4}% 21
\BOOKMARK [2][-]{subsection.4.3}{\376\377\000M\000o\000d\000e\000l\000y\000\040\000b\000\341\000z\000o\000v\000\375\000c\000h\000\040\000f\000u\000n\000k\000c\000\355}{section.4}% 22
\BOOKMARK [1][-]{section.5}{\376\377\000V\000\375\000b\001\033\000r\000\040\000p\001\131\000\355\000z\000n\000a\000k\001\157}{}% 23
\BOOKMARK [2][-]{subsection.5.1}{\376\377\000Z\000\341\000k\000l\000a\000d\000n\000\355\000\040\000m\000e\000t\000o\000d\000y\000\040\000v\000\375\000b\001\033\000r\000u\000\040\000p\001\131\000\355\000z\000n\000a\000k\001\157}{section.5}% 24
\BOOKMARK [2][-]{subsection.5.2}{\376\377\000L\000a\000s\000s\000o}{section.5}% 25
\BOOKMARK [1][-]{section.6}{\376\377\000S\000t\000a\000t\000i\000s\000t\000i\000c\000k\000\351\000\040\000v\000l\000a\000s\000t\000n\000o\000s\000t\000i\000\040\000m\000o\000d\000e\000l\001\157}{}% 26
\BOOKMARK [2][-]{subsection.6.1}{\376\377\000O\001\015\000e\000k\000\341\000v\000a\000n\000\341\000\040\000c\000h\000y\000b\000a\000\040\000m\000o\000d\000e\000l\000u}{section.6}% 27
\BOOKMARK [2][-]{subsection.6.2}{\376\377\000B\000i\000a\000s\000-\000v\000a\000r\000i\000a\000n\000c\000e\000\040\000t\000r\000a\000d\000e\000o\000f\000f}{section.6}% 28
\BOOKMARK [2][-]{subsection.6.3}{\376\377\000N\000e\000s\000t\000r\000a\000n\000n\000o\000s\000t\000\040\000o\000d\000h\000a\000d\000u\000\040\000v\000\040\000m\000e\000t\000o\000d\000o\000u\000\040\000n\000e\000j\000m\000e\000n\001\141\000\355\000c\000h\000\040\001\015\000t\000v\000e\000r\000c\001\157}{section.6}% 29
\BOOKMARK [1][-]{section.7}{\376\377\000L\000o\000g\000i\000s\000t\000i\000c\000k\000\341\000\040\000r\000e\000g\000r\000e\000s\000e}{}% 30
\BOOKMARK [2][-]{subsection.7.1}{\376\377\000P\000o\000u\001\176\000i\000t\000\355\000\040\000p\000r\000o\000\040\000b\000i\000n\000\341\000r\000n\000\355\000\040\000k\000l\000a\000s\000i\000f\000i\000k\000a\000c\000i}{section.7}% 31
\BOOKMARK [2][-]{subsection.7.2}{\376\377\000H\000r\000a\000n\000i\000c\000e\000\040\000r\000o\000z\000h\000o\000d\000n\000u\000t\000\355}{section.7}% 32
\BOOKMARK [2][-]{subsection.7.3}{\376\377\000L\000o\000g\000i\000s\000t\000i\000c\000k\000\341\000\040\000r\000e\000g\000r\000e\000s\000e\000\040\000j\000a\000k\000o\000\040\000M\000L\000E\000\040\000o\000d\000h\000a\000d}{section.7}% 33
\BOOKMARK [1][-]{section.8}{\376\377\000E\000n\000s\000e\000m\000b\000l\000e\000\040\000m\000e\000t\000o\000d\000y}{}% 34
\BOOKMARK [2][-]{subsection.8.1}{\376\377\000B\000a\000g\000g\000i\000n\000g\000\040\000\050\000b\000o\000o\000t\000s\000t\000r\000a\000p\000\040\000a\000g\000g\000r\000e\000g\000a\000t\000i\000n\000g\000\051}{section.8}% 35
\BOOKMARK [2][-]{subsection.8.2}{\376\377\000N\000\341\000h\000o\000d\000n\000\351\000\040\000l\000e\000s\000y}{section.8}% 36
\BOOKMARK [2][-]{subsection.8.3}{\376\377\000B\000o\000o\000s\000t\000i\000n\000g}{section.8}% 37
\BOOKMARK [1][-]{section.9}{\376\377\000E\000v\000a\000l\000u\000a\000c\000e\000\040\000m\000o\000d\000e\000l\001\157}{}% 38
\BOOKMARK [2][-]{subsection.9.1}{\376\377\000Z\000t\000r\000\341\000t\000o\000v\000\341\000\040\000f\000u\000n\000k\000c\000e}{section.9}% 39
\BOOKMARK [2][-]{subsection.9.2}{\376\377\000E\000v\000a\000l\000u\000a\001\015\000n\000\355\000\040\000s\000c\000\351\000n\000\341\001\131\000e}{section.9}% 40
\BOOKMARK [2][-]{subsection.9.3}{\376\377\000E\000v\000a\000l\000u\000a\000c\000e\000\040\000r\000e\000g\000r\000e\000s\000e}{section.9}% 41
\BOOKMARK [2][-]{subsection.9.4}{\376\377\000E\000v\000a\000l\000u\000a\000c\000e\000\040\000k\000l\000a\000s\000i\000f\000i\000k\000a\000c\000e}{section.9}% 42
\BOOKMARK [1][-]{section.10}{\376\377\000N\000e\000s\000u\000p\000e\000r\000v\000i\000z\000o\000v\000a\000n\000\351\000\040\000u\001\015\000e\000n\000\355}{}% 43
\BOOKMARK [1][-]{section.11}{\376\377\000S\000h\000l\000u\000k\000o\000v\000\341\000\040\000a\000n\000a\000l\000\375\000z\000a}{}% 44
\BOOKMARK [2][-]{subsection.11.1}{\376\377\000H\000i\000e\000r\000a\000r\000c\000h\000i\000c\000k\000\351\000\040\000s\000h\000l\000u\000k\000o\000v\000\341\000n\000\355}{section.11}% 45
\BOOKMARK [2][-]{subsection.11.2}{\376\377\000A\000l\000g\000o\000r\000i\000t\000m\000u\000s\000\040\000k\000-\000m\000e\000a\000n\000s}{section.11}% 46
\BOOKMARK [2][-]{subsection.11.3}{\376\377\000S\000i\000l\000h\000o\000u\000e\000t\000t\000e\000\040\000s\000k\000\363\000r\000e}{section.11}% 47
